[2022-10-23 17:07:46] local.INFO: Writing the user as a JSON to the log file ["{\n    \"id\": 7,\n    \"name\": \"Keven O'Connell\",\n    \"email\": \"cleve.wisozk@example.com\",\n    \"email_verified_at\": \"2022-10-21T12:45:24.000000Z\",\n    \"created_at\": \"2022-10-21T12:45:24.000000Z\",\n    \"updated_at\": \"2022-10-21T12:45:24.000000Z\"\n}"] 
[2022-10-23 17:08:49] local.INFO: Writing the user as a JSON to the log file ["{\"id\":9,\"name\":\"Schuyler Sipes\",\"email\":\"murray.barry@example.org\",\"email_verified_at\":\"2022-10-21T12:45:24.000000Z\",\"created_at\":\"2022-10-21T12:45:24.000000Z\",\"updated_at\":\"2022-10-21T12:45:24.000000Z\"}"] 
[2022-10-23 17:10:32] local.INFO: Writing the user as a JSON to the log file [{"id":7,"name":"Keven O'Connell","email":"cleve.wisozk@example.com","email_verified_at":"2022-10-21T12:45:24.000000Z","created_at":"2022-10-21T12:45:24.000000Z","updated_at":"2022-10-21T12:45:24.000000Z"}] 
[2022-10-23 17:12:08] local.INFO: Writing the user as a JSON to the log file {"id":1,"name":"Rosalyn Feest","email":"willms.tad@example.net","email_verified_at":"2022-10-21T12:45:24.000000Z","created_at":"2022-10-21T12:45:24.000000Z","updated_at":"2022-10-21T12:45:24.000000Z"} 
[2022-10-23 17:29:00] local.ERROR: The "--queue" option does not exist. {"exception":"[object] (Symfony\\Component\\Console\\Exception\\RuntimeException(code: 0): The \"--queue\" option does not exist. at /Users/dragosalexandru/voodoo/vendor/symfony/console/Input/ArgvInput.php:220)
[stacktrace]
#0 /Users/dragosalexandru/voodoo/vendor/symfony/console/Input/ArgvInput.php(149): Symfony\\Component\\Console\\Input\\ArgvInput->addLongOption('queue', NULL)
#1 /Users/dragosalexandru/voodoo/vendor/symfony/console/Input/ArgvInput.php(82): Symfony\\Component\\Console\\Input\\ArgvInput->parseLongOption('--queue')
#2 /Users/dragosalexandru/voodoo/vendor/symfony/console/Input/ArgvInput.php(71): Symfony\\Component\\Console\\Input\\ArgvInput->parseToken('--queue', true)
#3 /Users/dragosalexandru/voodoo/vendor/symfony/console/Input/Input.php(55): Symfony\\Component\\Console\\Input\\ArgvInput->parse()
#4 /Users/dragosalexandru/voodoo/vendor/symfony/console/Command/Command.php(267): Symfony\\Component\\Console\\Input\\Input->bind(Object(Symfony\\Component\\Console\\Input\\InputDefinition))
#5 /Users/dragosalexandru/voodoo/vendor/laravel/framework/src/Illuminate/Console/Command.php(126): Symfony\\Component\\Console\\Command\\Command->run(Object(Symfony\\Component\\Console\\Input\\ArgvInput), Object(Illuminate\\Console\\OutputStyle))
#6 /Users/dragosalexandru/voodoo/vendor/symfony/console/Application.php(1002): Illuminate\\Console\\Command->run(Object(Symfony\\Component\\Console\\Input\\ArgvInput), Object(Symfony\\Component\\Console\\Output\\ConsoleOutput))
#7 /Users/dragosalexandru/voodoo/vendor/symfony/console/Application.php(299): Symfony\\Component\\Console\\Application->doRunCommand(Object(App\\Console\\Commands\\LogRandomUser), Object(Symfony\\Component\\Console\\Input\\ArgvInput), Object(Symfony\\Component\\Console\\Output\\ConsoleOutput))
#8 /Users/dragosalexandru/voodoo/vendor/symfony/console/Application.php(171): Symfony\\Component\\Console\\Application->doRun(Object(Symfony\\Component\\Console\\Input\\ArgvInput), Object(Symfony\\Component\\Console\\Output\\ConsoleOutput))
#9 /Users/dragosalexandru/voodoo/vendor/laravel/framework/src/Illuminate/Console/Application.php(102): Symfony\\Component\\Console\\Application->run(Object(Symfony\\Component\\Console\\Input\\ArgvInput), Object(Symfony\\Component\\Console\\Output\\ConsoleOutput))
#10 /Users/dragosalexandru/voodoo/vendor/laravel/framework/src/Illuminate/Foundation/Console/Kernel.php(155): Illuminate\\Console\\Application->run(Object(Symfony\\Component\\Console\\Input\\ArgvInput), Object(Symfony\\Component\\Console\\Output\\ConsoleOutput))
#11 /Users/dragosalexandru/voodoo/artisan(37): Illuminate\\Foundation\\Console\\Kernel->handle(Object(Symfony\\Component\\Console\\Input\\ArgvInput), Object(Symfony\\Component\\Console\\Output\\ConsoleOutput))
#12 {main}
"} 
[2022-10-23 17:29:23] local.INFO: Writing the user as a JSON to the log file {"id":9,"name":"Schuyler Sipes","email":"murray.barry@example.org","email_verified_at":"2022-10-21T12:45:24.000000Z","created_at":"2022-10-21T12:45:24.000000Z","updated_at":"2022-10-21T12:45:24.000000Z"} 
[2022-10-23 17:46:16] local.INFO: Writing the user as a JSON to the log file {"id":5,"name":"Rosemary Ziemann","email":"ezra61@example.org","email_verified_at":"2022-10-21T12:45:24.000000Z","created_at":"2022-10-21T12:45:24.000000Z","updated_at":"2022-10-21T12:45:24.000000Z"} 
[2022-10-23 20:05:31] testing.INFO: Writing the user as a JSON to the log file {"id":9,"name":"Schuyler Sipes","email":"murray.barry@example.org","email_verified_at":"2022-10-21T12:45:24.000000Z","created_at":"2022-10-21T12:45:24.000000Z","updated_at":"2022-10-21T12:45:24.000000Z"} 
[2022-10-23 20:06:17] testing.INFO: Writing the user as a JSON to the log file {"id":9,"name":"Schuyler Sipes","email":"murray.barry@example.org","email_verified_at":"2022-10-21T12:45:24.000000Z","created_at":"2022-10-21T12:45:24.000000Z","updated_at":"2022-10-21T12:45:24.000000Z"} 
[2022-10-23 20:06:28] testing.INFO: Writing the user as a JSON to the log file {"id":2,"name":"Prof. Ella Bechtelar Jr.","email":"bauch.desmond@example.org","email_verified_at":"2022-10-21T12:45:24.000000Z","created_at":"2022-10-21T12:45:24.000000Z","updated_at":"2022-10-21T12:45:24.000000Z"} 
[2022-10-23 20:10:28] testing.INFO: Writing the user as a JSON to the log file {"id":2,"name":"Prof. Ella Bechtelar Jr.","email":"bauch.desmond@example.org","email_verified_at":"2022-10-21T12:45:24.000000Z","created_at":"2022-10-21T12:45:24.000000Z","updated_at":"2022-10-21T12:45:24.000000Z"} 
[2022-10-23 20:10:28] testing.INFO: Writing the user as a JSON to the log file {"id":6,"name":"Miss Muriel Rau DVM","email":"vandervort.bell@example.com","email_verified_at":"2022-10-21T12:45:24.000000Z","created_at":"2022-10-21T12:45:24.000000Z","updated_at":"2022-10-21T12:45:24.000000Z"} 
[2022-10-23 20:10:41] testing.INFO: Writing the user as a JSON to the log file {"id":3,"name":"Juliana McLaughlin","email":"danielle.veum@example.net","email_verified_at":"2022-10-21T12:45:24.000000Z","created_at":"2022-10-21T12:45:24.000000Z","updated_at":"2022-10-21T12:45:24.000000Z"} 
[2022-10-23 20:10:41] testing.INFO: Writing the user as a JSON to the log file {"id":5,"name":"Rosemary Ziemann","email":"ezra61@example.org","email_verified_at":"2022-10-21T12:45:24.000000Z","created_at":"2022-10-21T12:45:24.000000Z","updated_at":"2022-10-21T12:45:24.000000Z"} 
[2022-10-23 20:27:55] local.ERROR: Class "App\Http\Controller" not found {"exception":"[object] (Error(code: 0): Class \"App\\Http\\Controller\" not found at /Users/dragosalexandru/voodoo/app/Http/Controllers/UserController.php:12)
[stacktrace]
#0 /Users/dragosalexandru/voodoo/vendor/composer/ClassLoader.php(571): include()
#1 /Users/dragosalexandru/voodoo/vendor/composer/ClassLoader.php(428): Composer\\Autoload\\includeFile('/Users/dragosal...')
#2 [internal function]: Composer\\Autoload\\ClassLoader->loadClass('App\\\\Http\\\\Contro...')
#3 /Users/dragosalexandru/voodoo/vendor/laravel/framework/src/Illuminate/Routing/Route.php(1090): is_a('App\\\\Http\\\\Contro...', 'Illuminate\\\\Rout...', true)
#4 /Users/dragosalexandru/voodoo/vendor/laravel/framework/src/Illuminate/Routing/Route.php(1029): Illuminate\\Routing\\Route->controllerMiddleware()
#5 /Users/dragosalexandru/voodoo/vendor/laravel/framework/src/Illuminate/Routing/Router.php(737): Illuminate\\Routing\\Route->gatherMiddleware()
#6 /Users/dragosalexandru/voodoo/vendor/laravel/framework/src/Illuminate/Routing/Router.php(719): Illuminate\\Routing\\Router->gatherRouteMiddleware(Object(Illuminate\\Routing\\Route))
#7 /Users/dragosalexandru/voodoo/vendor/laravel/framework/src/Illuminate/Routing/Router.php(703): Illuminate\\Routing\\Router->runRouteWithinStack(Object(Illuminate\\Routing\\Route), Object(Illuminate\\Http\\Request))
#8 /Users/dragosalexandru/voodoo/vendor/laravel/framework/src/Illuminate/Routing/Router.php(667): Illuminate\\Routing\\Router->runRoute(Object(Illuminate\\Http\\Request), Object(Illuminate\\Routing\\Route))
#9 /Users/dragosalexandru/voodoo/vendor/laravel/framework/src/Illuminate/Routing/Router.php(656): Illuminate\\Routing\\Router->dispatchToRoute(Object(Illuminate\\Http\\Request))
#10 /Users/dragosalexandru/voodoo/vendor/laravel/framework/src/Illuminate/Foundation/Http/Kernel.php(190): Illuminate\\Routing\\Router->dispatch(Object(Illuminate\\Http\\Request))
#11 /Users/dragosalexandru/voodoo/vendor/laravel/framework/src/Illuminate/Pipeline/Pipeline.php(141): Illuminate\\Foundation\\Http\\Kernel->Illuminate\\Foundation\\Http\\{closure}(Object(Illuminate\\Http\\Request))
#12 /Users/dragosalexandru/voodoo/vendor/laravel/framework/src/Illuminate/Foundation/Http/Middleware/TransformsRequest.php(21): Illuminate\\Pipeline\\Pipeline->Illuminate\\Pipeline\\{closure}(Object(Illuminate\\Http\\Request))
#13 /Users/dragosalexandru/voodoo/vendor/laravel/framework/src/Illuminate/Foundation/Http/Middleware/ConvertEmptyStringsToNull.php(31): Illuminate\\Foundation\\Http\\Middleware\\TransformsRequest->handle(Object(Illuminate\\Http\\Request), Object(Closure))
#14 /Users/dragosalexandru/voodoo/vendor/laravel/framework/src/Illuminate/Pipeline/Pipeline.php(180): Illuminate\\Foundation\\Http\\Middleware\\ConvertEmptyStringsToNull->handle(Object(Illuminate\\Http\\Request), Object(Closure))
#15 /Users/dragosalexandru/voodoo/vendor/laravel/framework/src/Illuminate/Foundation/Http/Middleware/TransformsRequest.php(21): Illuminate\\Pipeline\\Pipeline->Illuminate\\Pipeline\\{closure}(Object(Illuminate\\Http\\Request))
#16 /Users/dragosalexandru/voodoo/vendor/laravel/framework/src/Illuminate/Foundation/Http/Middleware/TrimStrings.php(40): Illuminate\\Foundation\\Http\\Middleware\\TransformsRequest->handle(Object(Illuminate\\Http\\Request), Object(Closure))
#17 /Users/dragosalexandru/voodoo/vendor/laravel/framework/src/Illuminate/Pipeline/Pipeline.php(180): Illuminate\\Foundation\\Http\\Middleware\\TrimStrings->handle(Object(Illuminate\\Http\\Request), Object(Closure))
#18 /Users/dragosalexandru/voodoo/vendor/laravel/framework/src/Illuminate/Foundation/Http/Middleware/ValidatePostSize.php(27): Illuminate\\Pipeline\\Pipeline->Illuminate\\Pipeline\\{closure}(Object(Illuminate\\Http\\Request))
#19 /Users/dragosalexandru/voodoo/vendor/laravel/framework/src/Illuminate/Pipeline/Pipeline.php(180): Illuminate\\Foundation\\Http\\Middleware\\ValidatePostSize->handle(Object(Illuminate\\Http\\Request), Object(Closure))
#20 /Users/dragosalexandru/voodoo/vendor/laravel/framework/src/Illuminate/Foundation/Http/Middleware/PreventRequestsDuringMaintenance.php(86): Illuminate\\Pipeline\\Pipeline->Illuminate\\Pipeline\\{closure}(Object(Illuminate\\Http\\Request))
#21 /Users/dragosalexandru/voodoo/vendor/laravel/framework/src/Illuminate/Pipeline/Pipeline.php(180): Illuminate\\Foundation\\Http\\Middleware\\PreventRequestsDuringMaintenance->handle(Object(Illuminate\\Http\\Request), Object(Closure))
#22 /Users/dragosalexandru/voodoo/vendor/laravel/framework/src/Illuminate/Http/Middleware/HandleCors.php(62): Illuminate\\Pipeline\\Pipeline->Illuminate\\Pipeline\\{closure}(Object(Illuminate\\Http\\Request))
#23 /Users/dragosalexandru/voodoo/vendor/laravel/framework/src/Illuminate/Pipeline/Pipeline.php(180): Illuminate\\Http\\Middleware\\HandleCors->handle(Object(Illuminate\\Http\\Request), Object(Closure))
#24 /Users/dragosalexandru/voodoo/vendor/laravel/framework/src/Illuminate/Http/Middleware/TrustProxies.php(39): Illuminate\\Pipeline\\Pipeline->Illuminate\\Pipeline\\{closure}(Object(Illuminate\\Http\\Request))
#25 /Users/dragosalexandru/voodoo/vendor/laravel/framework/src/Illuminate/Pipeline/Pipeline.php(180): Illuminate\\Http\\Middleware\\TrustProxies->handle(Object(Illuminate\\Http\\Request), Object(Closure))
#26 /Users/dragosalexandru/voodoo/vendor/laravel/framework/src/Illuminate/Pipeline/Pipeline.php(116): Illuminate\\Pipeline\\Pipeline->Illuminate\\Pipeline\\{closure}(Object(Illuminate\\Http\\Request))
#27 /Users/dragosalexandru/voodoo/vendor/laravel/framework/src/Illuminate/Foundation/Http/Kernel.php(165): Illuminate\\Pipeline\\Pipeline->then(Object(Closure))
#28 /Users/dragosalexandru/voodoo/vendor/laravel/framework/src/Illuminate/Foundation/Http/Kernel.php(134): Illuminate\\Foundation\\Http\\Kernel->sendRequestThroughRouter(Object(Illuminate\\Http\\Request))
#29 /Users/dragosalexandru/voodoo/public/index.php(52): Illuminate\\Foundation\\Http\\Kernel->handle(Object(Illuminate\\Http\\Request))
#30 /Users/dragosalexandru/voodoo/vendor/laravel/framework/src/Illuminate/Foundation/resources/server.php(16): require_once('/Users/dragosal...')
#31 {main}
"} 
[2022-10-23 20:28:18] local.INFO: Writing the user as a JSON to the log file {"id":4,"name":"Gwen Schuster IV","email":"yauer@example.net","email_verified_at":"2022-10-21T12:45:24.000000Z","created_at":"2022-10-21T12:45:24.000000Z","updated_at":"2022-10-21T12:45:24.000000Z"} 
[2022-10-23 20:28:23] testing.INFO: Writing the user as a JSON to the log file {"id":4,"name":"Gwen Schuster IV","email":"yauer@example.net","email_verified_at":"2022-10-21T12:45:24.000000Z","created_at":"2022-10-21T12:45:24.000000Z","updated_at":"2022-10-21T12:45:24.000000Z"} 
[2022-10-23 20:28:23] testing.INFO: Writing the user as a JSON to the log file {"id":7,"name":"Keven O'Connell","email":"cleve.wisozk@example.com","email_verified_at":"2022-10-21T12:45:24.000000Z","created_at":"2022-10-21T12:45:24.000000Z","updated_at":"2022-10-21T12:45:24.000000Z"} 
